[0.668s] DEBUG:colcon:Command line arguments: ['/usr/bin/colcon', 'build']
[0.668s] DEBUG:colcon:Parsed command line arguments: Namespace(log_base=None, log_level=None, verb_name='build', build_base='build', install_base='install', merge_install=False, symlink_install=False, test_result_base=None, continue_on_error=False, executor='parallel', parallel_workers=4, event_handlers=None, ignore_user_meta=False, metas=['./colcon.meta'], base_paths=['.'], packages_ignore=None, packages_ignore_regex=None, paths=None, packages_up_to=None, packages_up_to_regex=None, packages_above=None, packages_above_and_dependencies=None, packages_above_depth=None, packages_select_by_dep=None, packages_skip_by_dep=None, packages_skip_up_to=None, packages_select_build_failed=False, packages_skip_build_finished=False, packages_select_test_failures=False, packages_skip_test_passed=False, packages_select=None, packages_skip=None, packages_select_regex=None, packages_skip_regex=None, packages_start=None, packages_end=None, allow_overriding=[], cmake_args=None, cmake_target=None, cmake_target_skip_unavailable=False, cmake_clean_cache=False, cmake_clean_first=False, cmake_force_configure=False, ament_cmake_args=None, catkin_cmake_args=None, catkin_skip_building_tests=False, mixin_files=None, mixin=None, verb_parser=<colcon_mixin.mixin.mixin_argument.MixinArgumentDecorator object at 0x71f8f8ab02f0>, verb_extension=<colcon_core.verb.build.BuildVerb object at 0x71f8f8a8bfb0>, main=<bound method BuildVerb.main of <colcon_core.verb.build.BuildVerb object at 0x71f8f8a8bfb0>>, mixin_verb=('build',))
[1.028s] Level 1:colcon.colcon_core.package_discovery:discover_packages(colcon_meta) check parameters
[1.028s] Level 1:colcon.colcon_core.package_discovery:discover_packages(recursive) check parameters
[1.028s] Level 1:colcon.colcon_core.package_discovery:discover_packages(ignore) check parameters
[1.028s] Level 1:colcon.colcon_core.package_discovery:discover_packages(path) check parameters
[1.029s] Level 1:colcon.colcon_core.package_discovery:discover_packages(colcon_meta) discover
[1.029s] Level 1:colcon.colcon_core.package_discovery:discover_packages(recursive) discover
[1.029s] INFO:colcon.colcon_core.package_discovery:Crawling recursively for packages in '/home/achieng/robotics/ros2_ws'
[1.029s] Level 1:colcon.colcon_core.package_identification:_identify(.) by extensions ['ignore', 'ignore_ament_install']
[1.029s] Level 1:colcon.colcon_core.package_identification:_identify(.) by extension 'ignore'
[1.029s] Level 1:colcon.colcon_core.package_identification:_identify(.) by extension 'ignore_ament_install'
[1.029s] Level 1:colcon.colcon_core.package_identification:_identify(.) by extensions ['colcon_pkg']
[1.029s] Level 1:colcon.colcon_core.package_identification:_identify(.) by extension 'colcon_pkg'
[1.029s] Level 1:colcon.colcon_core.package_identification:_identify(.) by extensions ['colcon_meta']
[1.029s] Level 1:colcon.colcon_core.package_identification:_identify(.) by extension 'colcon_meta'
[1.029s] Level 1:colcon.colcon_core.package_identification:_identify(.) by extensions ['ros']
[1.029s] Level 1:colcon.colcon_core.package_identification:_identify(.) by extension 'ros'
[1.062s] Level 1:colcon.colcon_core.package_identification:_identify(.) by extensions ['cmake', 'python']
[1.062s] Level 1:colcon.colcon_core.package_identification:_identify(.) by extension 'cmake'
[1.062s] Level 1:colcon.colcon_core.package_identification:_identify(.) by extension 'python'
[1.062s] Level 1:colcon.colcon_core.package_identification:_identify(.) by extensions ['python_setup_py']
[1.062s] Level 1:colcon.colcon_core.package_identification:_identify(.) by extension 'python_setup_py'
[1.062s] Level 1:colcon.colcon_core.package_identification:_identify(build) by extensions ['ignore', 'ignore_ament_install']
[1.062s] Level 1:colcon.colcon_core.package_identification:_identify(build) by extension 'ignore'
[1.062s] Level 1:colcon.colcon_core.package_identification:_identify(build) ignored
[1.062s] Level 1:colcon.colcon_core.package_identification:_identify(install) by extensions ['ignore', 'ignore_ament_install']
[1.062s] Level 1:colcon.colcon_core.package_identification:_identify(install) by extension 'ignore'
[1.062s] Level 1:colcon.colcon_core.package_identification:_identify(install) ignored
[1.063s] Level 1:colcon.colcon_core.package_identification:_identify(log) by extensions ['ignore', 'ignore_ament_install']
[1.063s] Level 1:colcon.colcon_core.package_identification:_identify(log) by extension 'ignore'
[1.063s] Level 1:colcon.colcon_core.package_identification:_identify(log) ignored
[1.063s] Level 1:colcon.colcon_core.package_identification:_identify(src) by extensions ['ignore', 'ignore_ament_install']
[1.063s] Level 1:colcon.colcon_core.package_identification:_identify(src) by extension 'ignore'
[1.063s] Level 1:colcon.colcon_core.package_identification:_identify(src) by extension 'ignore_ament_install'
[1.063s] Level 1:colcon.colcon_core.package_identification:_identify(src) by extensions ['colcon_pkg']
[1.063s] Level 1:colcon.colcon_core.package_identification:_identify(src) by extension 'colcon_pkg'
[1.063s] Level 1:colcon.colcon_core.package_identification:_identify(src) by extensions ['colcon_meta']
[1.063s] Level 1:colcon.colcon_core.package_identification:_identify(src) by extension 'colcon_meta'
[1.063s] Level 1:colcon.colcon_core.package_identification:_identify(src) by extensions ['ros']
[1.063s] Level 1:colcon.colcon_core.package_identification:_identify(src) by extension 'ros'
[1.063s] Level 1:colcon.colcon_core.package_identification:_identify(src) by extensions ['cmake', 'python']
[1.063s] Level 1:colcon.colcon_core.package_identification:_identify(src) by extension 'cmake'
[1.063s] Level 1:colcon.colcon_core.package_identification:_identify(src) by extension 'python'
[1.064s] Level 1:colcon.colcon_core.package_identification:_identify(src) by extensions ['python_setup_py']
[1.064s] Level 1:colcon.colcon_core.package_identification:_identify(src) by extension 'python_setup_py'
[1.064s] Level 1:colcon.colcon_core.package_identification:_identify(src/my_package) by extensions ['ignore', 'ignore_ament_install']
[1.064s] Level 1:colcon.colcon_core.package_identification:_identify(src/my_package) by extension 'ignore'
[1.064s] Level 1:colcon.colcon_core.package_identification:_identify(src/my_package) by extension 'ignore_ament_install'
[1.064s] Level 1:colcon.colcon_core.package_identification:_identify(src/my_package) by extensions ['colcon_pkg']
[1.064s] Level 1:colcon.colcon_core.package_identification:_identify(src/my_package) by extension 'colcon_pkg'
[1.064s] Level 1:colcon.colcon_core.package_identification:_identify(src/my_package) by extensions ['colcon_meta']
[1.064s] Level 1:colcon.colcon_core.package_identification:_identify(src/my_package) by extension 'colcon_meta'
[1.064s] Level 1:colcon.colcon_core.package_identification:_identify(src/my_package) by extensions ['ros']
[1.064s] Level 1:colcon.colcon_core.package_identification:_identify(src/my_package) by extension 'ros'
[1.084s] DEBUG:colcon.colcon_core.package_identification:Package 'src/my_package' with type 'ros.ament_python' and name 'my_package'
[1.084s] Level 1:colcon.colcon_core.package_discovery:discover_packages(recursive) using defaults
[1.084s] Level 1:colcon.colcon_core.package_discovery:discover_packages(ignore) discover
[1.084s] Level 1:colcon.colcon_core.package_discovery:discover_packages(ignore) using defaults
[1.084s] Level 1:colcon.colcon_core.package_discovery:discover_packages(path) discover
[1.084s] Level 1:colcon.colcon_core.package_discovery:discover_packages(path) using defaults
[1.339s] Level 1:colcon.colcon_core.package_discovery:discover_packages(prefix_path) check parameters
[1.340s] Level 1:colcon.colcon_core.package_discovery:discover_packages(prefix_path) discover
[1.369s] DEBUG:colcon.colcon_installed_package_information.package_discovery:Found 362 installed packages in /opt/ros/jazzy
[1.376s] Level 1:colcon.colcon_core.package_discovery:discover_packages(prefix_path) using defaults
[1.497s] Level 5:colcon.colcon_core.verb:set package 'my_package' build argument 'cmake_args' from command line to 'None'
[1.497s] Level 5:colcon.colcon_core.verb:set package 'my_package' build argument 'cmake_target' from command line to 'None'
[1.497s] Level 5:colcon.colcon_core.verb:set package 'my_package' build argument 'cmake_target_skip_unavailable' from command line to 'False'
[1.497s] Level 5:colcon.colcon_core.verb:set package 'my_package' build argument 'cmake_clean_cache' from command line to 'False'
[1.497s] Level 5:colcon.colcon_core.verb:set package 'my_package' build argument 'cmake_clean_first' from command line to 'False'
[1.497s] Level 5:colcon.colcon_core.verb:set package 'my_package' build argument 'cmake_force_configure' from command line to 'False'
[1.497s] Level 5:colcon.colcon_core.verb:set package 'my_package' build argument 'ament_cmake_args' from command line to 'None'
[1.497s] Level 5:colcon.colcon_core.verb:set package 'my_package' build argument 'catkin_cmake_args' from command line to 'None'
[1.497s] Level 5:colcon.colcon_core.verb:set package 'my_package' build argument 'catkin_skip_building_tests' from command line to 'False'
[1.497s] DEBUG:colcon.colcon_core.verb:Building package 'my_package' with the following arguments: {'ament_cmake_args': None, 'build_base': '/home/achieng/robotics/ros2_ws/build/my_package', 'catkin_cmake_args': None, 'catkin_skip_building_tests': False, 'cmake_args': None, 'cmake_clean_cache': False, 'cmake_clean_first': False, 'cmake_force_configure': False, 'cmake_target': None, 'cmake_target_skip_unavailable': False, 'install_base': '/home/achieng/robotics/ros2_ws/install/my_package', 'merge_install': False, 'path': '/home/achieng/robotics/ros2_ws/src/my_package', 'symlink_install': False, 'test_result_base': None}
[1.498s] INFO:colcon.colcon_core.executor:Executing jobs using 'parallel' executor
[1.499s] DEBUG:colcon.colcon_parallel_executor.executor.parallel:run_until_complete
[1.499s] INFO:colcon.colcon_ros.task.ament_python.build:Building ROS package in '/home/achieng/robotics/ros2_ws/src/my_package' with build type 'ament_python'
[1.500s] Level 1:colcon.colcon_core.shell:create_environment_hook('my_package', 'ament_prefix_path')
[1.538s] INFO:colcon.colcon_core.plugin_system:Skipping extension 'colcon_core.shell.bat': Not used on non-Windows systems
[1.539s] INFO:colcon.colcon_core.shell:Creating environment hook '/home/achieng/robotics/ros2_ws/install/my_package/share/my_package/hook/ament_prefix_path.ps1'
[1.546s] INFO:colcon.colcon_core.shell:Creating environment descriptor '/home/achieng/robotics/ros2_ws/install/my_package/share/my_package/hook/ament_prefix_path.dsv'
[1.556s] INFO:colcon.colcon_core.shell:Creating environment hook '/home/achieng/robotics/ros2_ws/install/my_package/share/my_package/hook/ament_prefix_path.sh'
[1.558s] INFO:colcon.colcon_core.shell:Skip shell extension 'powershell' for command environment: Not usable outside of PowerShell
[1.558s] DEBUG:colcon.colcon_core.shell:Skip shell extension 'dsv' for command environment
[1.918s] INFO:colcon.colcon_core.task.python.build:Building Python package in '/home/achieng/robotics/ros2_ws/src/my_package'
[1.918s] INFO:colcon.colcon_core.shell:Skip shell extension 'powershell' for command environment: Not usable outside of PowerShell
[1.918s] DEBUG:colcon.colcon_core.shell:Skip shell extension 'dsv' for command environment
[7.067s] DEBUG:colcon.colcon_core.event_handler.log_command:Invoking command in '/home/achieng/robotics/ros2_ws/src/my_package': DEBUGINFOD_URLS=https://debuginfod.ubuntu.com PYTHONPATH=/home/achieng/robotics/ros2_ws/build/my_package/prefix_override:/usr/lib/python3/dist-packages/colcon_core/task/python/colcon_distutils_commands:/home/achieng/robotics/ros2_ws/install/my_package/lib/python3.12/site-packages:${PYTHONPATH} /usr/bin/python3 -W ignore:setup.py install is deprecated -W ignore:easy_install command is deprecated setup.py egg_info --egg-base ../../build/my_package build --build-base /home/achieng/robotics/ros2_ws/build/my_package/build install --record /home/achieng/robotics/ros2_ws/build/my_package/install.log --single-version-externally-managed install_data
[7.918s] DEBUG:colcon.colcon_core.event_handler.log_command:Invoked command in '/home/achieng/robotics/ros2_ws/src/my_package' returned '0': DEBUGINFOD_URLS=https://debuginfod.ubuntu.com PYTHONPATH=/home/achieng/robotics/ros2_ws/build/my_package/prefix_override:/usr/lib/python3/dist-packages/colcon_core/task/python/colcon_distutils_commands:/home/achieng/robotics/ros2_ws/install/my_package/lib/python3.12/site-packages:${PYTHONPATH} /usr/bin/python3 -W ignore:setup.py install is deprecated -W ignore:easy_install command is deprecated setup.py egg_info --egg-base ../../build/my_package build --build-base /home/achieng/robotics/ros2_ws/build/my_package/build install --record /home/achieng/robotics/ros2_ws/build/my_package/install.log --single-version-externally-managed install_data
[8.022s] Level 1:colcon.colcon_core.environment:checking '/home/achieng/robotics/ros2_ws/install/my_package' for CMake module files
[8.023s] Level 1:colcon.colcon_core.environment:checking '/home/achieng/robotics/ros2_ws/install/my_package' for CMake config files
[8.024s] Level 1:colcon.colcon_core.environment:checking '/home/achieng/robotics/ros2_ws/install/my_package/lib'
[8.024s] Level 1:colcon.colcon_core.environment:checking '/home/achieng/robotics/ros2_ws/install/my_package/bin'
[8.024s] Level 1:colcon.colcon_core.environment:checking '/home/achieng/robotics/ros2_ws/install/my_package/lib/pkgconfig/my_package.pc'
[8.024s] Level 1:colcon.colcon_core.environment:checking '/home/achieng/robotics/ros2_ws/install/my_package/lib/python3.12/site-packages'
[8.024s] Level 1:colcon.colcon_core.shell:create_environment_hook('my_package', 'pythonpath')
[8.024s] INFO:colcon.colcon_core.shell:Creating environment hook '/home/achieng/robotics/ros2_ws/install/my_package/share/my_package/hook/pythonpath.ps1'
[8.025s] INFO:colcon.colcon_core.shell:Creating environment descriptor '/home/achieng/robotics/ros2_ws/install/my_package/share/my_package/hook/pythonpath.dsv'
[8.025s] INFO:colcon.colcon_core.shell:Creating environment hook '/home/achieng/robotics/ros2_ws/install/my_package/share/my_package/hook/pythonpath.sh'
[8.026s] Level 1:colcon.colcon_core.environment:checking '/home/achieng/robotics/ros2_ws/install/my_package/bin'
[8.026s] Level 1:colcon.colcon_core.environment:create_environment_scripts_only(my_package)
[8.026s] INFO:colcon.colcon_core.shell:Creating package script '/home/achieng/robotics/ros2_ws/install/my_package/share/my_package/package.ps1'
[8.038s] INFO:colcon.colcon_core.shell:Creating package descriptor '/home/achieng/robotics/ros2_ws/install/my_package/share/my_package/package.dsv'
[8.047s] INFO:colcon.colcon_core.shell:Creating package script '/home/achieng/robotics/ros2_ws/install/my_package/share/my_package/package.sh'
[8.049s] INFO:colcon.colcon_core.shell:Creating package script '/home/achieng/robotics/ros2_ws/install/my_package/share/my_package/package.bash'
[8.052s] INFO:colcon.colcon_core.shell:Creating package script '/home/achieng/robotics/ros2_ws/install/my_package/share/my_package/package.zsh'
[8.077s] Level 1:colcon.colcon_core.environment:create_file_with_runtime_dependencies(/home/achieng/robotics/ros2_ws/install/my_package/share/colcon-core/packages/my_package)
[8.078s] DEBUG:colcon.colcon_parallel_executor.executor.parallel:closing loop
[8.080s] DEBUG:colcon.colcon_parallel_executor.executor.parallel:loop closed
[8.080s] DEBUG:colcon.colcon_parallel_executor.executor.parallel:run_until_complete finished with '0'
[8.080s] DEBUG:colcon.colcon_core.event_reactor:joining thread
[8.105s] INFO:colcon.colcon_core.plugin_system:Skipping extension 'colcon_notification.desktop_notification.terminal_notifier': Not used on non-Darwin systems
[8.105s] INFO:colcon.colcon_core.plugin_system:Skipping extension 'colcon_notification.desktop_notification.win32': Not used on non-Windows systems
[8.106s] INFO:colcon.colcon_notification.desktop_notification:Sending desktop notification using 'notify2'
[8.135s] DEBUG:colcon.colcon_core.event_reactor:joined thread
[8.135s] INFO:colcon.colcon_core.shell:Creating prefix script '/home/achieng/robotics/ros2_ws/install/local_setup.ps1'
[8.137s] INFO:colcon.colcon_core.shell:Creating prefix util module '/home/achieng/robotics/ros2_ws/install/_local_setup_util_ps1.py'
[8.140s] INFO:colcon.colcon_core.shell:Creating prefix chain script '/home/achieng/robotics/ros2_ws/install/setup.ps1'
[8.142s] INFO:colcon.colcon_core.shell:Creating prefix script '/home/achieng/robotics/ros2_ws/install/local_setup.sh'
[8.143s] INFO:colcon.colcon_core.shell:Creating prefix util module '/home/achieng/robotics/ros2_ws/install/_local_setup_util_sh.py'
[8.144s] INFO:colcon.colcon_core.shell:Creating prefix chain script '/home/achieng/robotics/ros2_ws/install/setup.sh'
[8.146s] INFO:colcon.colcon_core.shell:Creating prefix script '/home/achieng/robotics/ros2_ws/install/local_setup.bash'
[8.147s] INFO:colcon.colcon_core.shell:Creating prefix chain script '/home/achieng/robotics/ros2_ws/install/setup.bash'
[8.149s] INFO:colcon.colcon_core.shell:Creating prefix script '/home/achieng/robotics/ros2_ws/install/local_setup.zsh'
[8.149s] INFO:colcon.colcon_core.shell:Creating prefix chain script '/home/achieng/robotics/ros2_ws/install/setup.zsh'
